<?xml version="1.0" encoding="UTF-8"?>
<!-- Generated by org.testng.reporters.JUnitReportReporter -->
<testsuite skipped="0" hostname="DESKTOP-7ELKK84" name="test.CheckCountOfIpadInStockTest" tests="1" failures="0" timestamp="2020-06-11T22:03:20 EEST" time="1.357" errors="0">
  <testcase name="checkCountOfIpadInStockTest" time="1.357" classname="test.CheckCountOfIpadInStockTest"/>
  <system-out/>
</testsuite> <!-- test.CheckCountOfIpadInStockTest -->
