<?xml version="1.0" encoding="UTF-8"?>
<!-- Generated by org.testng.reporters.JUnitReportReporter -->
<testsuite skipped="0" hostname="DESKTOP-7ELKK84" name="test.CheckOutOfStockTest" tests="1" failures="0" timestamp="2020-06-11T22:03:20 EEST" time="28.041" errors="0">
  <testcase name="checkOutOfStockTest" time="28.041" classname="test.CheckOutOfStockTest"/>
  <system-out/>
</testsuite> <!-- test.CheckOutOfStockTest -->
