<?xml version="1.0" encoding="UTF-8"?>
<!-- Generated by org.testng.reporters.JUnitReportReporter -->
<testsuite skipped="0" hostname="DESKTOP-7ELKK84" name="test.CheckItemsContainsInOrderTest" tests="1" failures="0" timestamp="2020-06-11T22:03:20 EEST" time="20.138" errors="0">
  <testcase name="checkItemsContainsInOrderTest" time="20.138" classname="test.CheckItemsContainsInOrderTest"/>
  <system-out/>
</testsuite> <!-- test.CheckItemsContainsInOrderTest -->
